C:\USERS\SWOORUP\DOCUMENTS\GITHUB\GTA-MAXOUT\LOADER\RELEASE\UTILS.OBJ
C:\USERS\SWOORUP\DOCUMENTS\GITHUB\GTA-MAXOUT\LOADER\RELEASE\MAIN.OBJ
C:\USERS\SWOORUP\DOCUMENTS\GITHUB\GTA-MAXOUT\LOADER\RELEASE\VC110.PDB
C:\USERS\SWOORUP\DOCUMENTS\GITHUB\GTA-MAXOUT\RELEASE\CLIENT - LOADER.EXE
C:\SYMBOLS\RELEASE_LOADER.MAP
C:\SYMBOLS\RELEASE_LOADER.PDB
C:\USERS\SWOORUP\DOCUMENTS\GITHUB\GTA-MAXOUT\LOADER\RELEASE\LOADER.RES
C:\Users\Swoorup\Documents\GitHub\gta-maxout\Loader\Release\Main.obj
C:\Users\Swoorup\Documents\GitHub\gta-maxout\Loader\Release\Utils.obj
C:\Users\Swoorup\Documents\GitHub\gta-maxout\Loader\Release\cl.command.1.tlog
C:\Users\Swoorup\Documents\GitHub\gta-maxout\Loader\Release\CL.read.1.tlog
C:\Users\Swoorup\Documents\GitHub\gta-maxout\Loader\Release\CL.write.1.tlog
C:\Users\Swoorup\Documents\GitHub\gta-maxout\Loader\Release\link-cvtres.read.1.tlog
C:\Users\Swoorup\Documents\GitHub\gta-maxout\Loader\Release\link-cvtres.write.1.tlog
C:\Users\Swoorup\Documents\GitHub\gta-maxout\Loader\Release\link-rc.read.1.tlog
C:\Users\Swoorup\Documents\GitHub\gta-maxout\Loader\Release\link-rc.write.1.tlog
C:\Users\Swoorup\Documents\GitHub\gta-maxout\Loader\Release\link.command.1.tlog
C:\Users\Swoorup\Documents\GitHub\gta-maxout\Loader\Release\link.read.1.tlog
C:\Users\Swoorup\Documents\GitHub\gta-maxout\Loader\Release\link.write.1.tlog
C:\Users\Swoorup\Documents\GitHub\gta-maxout\Loader\Release\rc.command.1.tlog
C:\Users\Swoorup\Documents\GitHub\gta-maxout\Loader\Release\rc.read.1.tlog
C:\Users\Swoorup\Documents\GitHub\gta-maxout\Loader\Release\rc.write.1.tlog
C:\Users\Swoorup\Documents\GitHub\gta-maxout\Loader\Release\loader.res
C:\Users\Swoorup\Documents\GitHub\gta-maxout\Loader\Release\vc110.pdb
C:\Users\Swoorup\Documents\GitHub\gta-maxout\Release\Client - Loader.exe
