C:\USERS\SWOORUP\DOCUMENTS\GITHUB\GTA-MAXOUT\SJLIB\RELEASE\FILELOADERADDINS.CPP.NATIVECODEANALYSIS.XML
C:\USERS\SWOORUP\DOCUMENTS\GITHUB\GTA-MAXOUT\SJLIB\RELEASE\FILELOADERADDINS.OBJ
C:\USERS\SWOORUP\DOCUMENTS\GITHUB\GTA-MAXOUT\SJLIB\RELEASE\VC110.PDB
C:\USERS\SWOORUP\DOCUMENTS\GITHUB\GTA-MAXOUT\SJLIB\RELEASE\AUTOMOBILE.CPP.NATIVECODEANALYSIS.XML
C:\USERS\SWOORUP\DOCUMENTS\GITHUB\GTA-MAXOUT\SJLIB\RELEASE\AUTOMOBILE.OBJ
C:\USERS\SWOORUP\DOCUMENTS\GITHUB\GTA-MAXOUT\SJLIB\RELEASE\CAUTOPILOT.CPP.NATIVECODEANALYSIS.XML
C:\USERS\SWOORUP\DOCUMENTS\GITHUB\GTA-MAXOUT\SJLIB\RELEASE\CAUTOPILOT.OBJ
C:\USERS\SWOORUP\DOCUMENTS\GITHUB\GTA-MAXOUT\SJLIB\RELEASE\CCARCTRL.CPP.NATIVECODEANALYSIS.XML
C:\USERS\SWOORUP\DOCUMENTS\GITHUB\GTA-MAXOUT\SJLIB\RELEASE\CCARCTRL.OBJ
C:\USERS\SWOORUP\DOCUMENTS\GITHUB\GTA-MAXOUT\SJLIB\RELEASE\CCULLZONES.CPP.NATIVECODEANALYSIS.XML
C:\USERS\SWOORUP\DOCUMENTS\GITHUB\GTA-MAXOUT\SJLIB\RELEASE\CCULLZONES.OBJ
C:\USERS\SWOORUP\DOCUMENTS\GITHUB\GTA-MAXOUT\SJLIB\RELEASE\CCURVES.CPP.NATIVECODEANALYSIS.XML
C:\USERS\SWOORUP\DOCUMENTS\GITHUB\GTA-MAXOUT\SJLIB\RELEASE\CCURVES.OBJ
C:\USERS\SWOORUP\DOCUMENTS\GITHUB\GTA-MAXOUT\SJLIB\RELEASE\CDEBUG.CPP.NATIVECODEANALYSIS.XML
C:\USERS\SWOORUP\DOCUMENTS\GITHUB\GTA-MAXOUT\SJLIB\RELEASE\CDEBUG.OBJ
C:\USERS\SWOORUP\DOCUMENTS\GITHUB\GTA-MAXOUT\SJLIB\RELEASE\CFILELOADER.CPP.NATIVECODEANALYSIS.XML
C:\USERS\SWOORUP\DOCUMENTS\GITHUB\GTA-MAXOUT\SJLIB\RELEASE\CFILELOADER.OBJ
C:\USERS\SWOORUP\DOCUMENTS\GITHUB\GTA-MAXOUT\SJLIB\RELEASE\CFILEMGR.CPP.NATIVECODEANALYSIS.XML
C:\USERS\SWOORUP\DOCUMENTS\GITHUB\GTA-MAXOUT\SJLIB\RELEASE\CFILEMGR.OBJ
C:\USERS\SWOORUP\DOCUMENTS\GITHUB\GTA-MAXOUT\SJLIB\RELEASE\CFONT.CPP.NATIVECODEANALYSIS.XML
C:\USERS\SWOORUP\DOCUMENTS\GITHUB\GTA-MAXOUT\SJLIB\RELEASE\CFONT.OBJ
C:\USERS\SWOORUP\DOCUMENTS\GITHUB\GTA-MAXOUT\SJLIB\RELEASE\CGAMEHOOKMANAGER.CPP.NATIVECODEANALYSIS.XML
C:\USERS\SWOORUP\DOCUMENTS\GITHUB\GTA-MAXOUT\SJLIB\RELEASE\CGAMEHOOKMANAGER.OBJ
C:\USERS\SWOORUP\DOCUMENTS\GITHUB\GTA-MAXOUT\SJLIB\RELEASE\CGAMEVARIABLES.CPP.NATIVECODEANALYSIS.XML
C:\USERS\SWOORUP\DOCUMENTS\GITHUB\GTA-MAXOUT\SJLIB\RELEASE\CGAMEVARIABLES.OBJ
C:\USERS\SWOORUP\DOCUMENTS\GITHUB\GTA-MAXOUT\SJLIB\RELEASE\CGENERAL.CPP.NATIVECODEANALYSIS.XML
C:\USERS\SWOORUP\DOCUMENTS\GITHUB\GTA-MAXOUT\SJLIB\RELEASE\CGENERAL.OBJ
C:\USERS\SWOORUP\DOCUMENTS\GITHUB\GTA-MAXOUT\SJLIB\RELEASE\CPED.CPP.NATIVECODEANALYSIS.XML
C:\USERS\SWOORUP\DOCUMENTS\GITHUB\GTA-MAXOUT\SJLIB\RELEASE\CPED.OBJ
C:\USERS\SWOORUP\DOCUMENTS\GITHUB\GTA-MAXOUT\SJLIB\RELEASE\CSPRITE2D.CPP.NATIVECODEANALYSIS.XML
C:\USERS\SWOORUP\DOCUMENTS\GITHUB\GTA-MAXOUT\SJLIB\RELEASE\CSPRITE2D.OBJ
C:\USERS\SWOORUP\DOCUMENTS\GITHUB\GTA-MAXOUT\SJLIB\RELEASE\CTHECARGENERATORS.CPP.NATIVECODEANALYSIS.XML
C:\USERS\SWOORUP\DOCUMENTS\GITHUB\GTA-MAXOUT\SJLIB\RELEASE\CTHECARGENERATORS.OBJ
C:\USERS\SWOORUP\DOCUMENTS\GITHUB\GTA-MAXOUT\SJLIB\RELEASE\CTHEZONES.CPP.NATIVECODEANALYSIS.XML
C:\USERS\SWOORUP\DOCUMENTS\GITHUB\GTA-MAXOUT\SJLIB\RELEASE\CTHEZONES.OBJ
C:\USERS\SWOORUP\DOCUMENTS\GITHUB\GTA-MAXOUT\SJLIB\RELEASE\CTXDSTORE.CPP.NATIVECODEANALYSIS.XML
C:\USERS\SWOORUP\DOCUMENTS\GITHUB\GTA-MAXOUT\SJLIB\RELEASE\CTXDSTORE.OBJ
C:\USERS\SWOORUP\DOCUMENTS\GITHUB\GTA-MAXOUT\SJLIB\RELEASE\ENTITY.CPP.NATIVECODEANALYSIS.XML
C:\USERS\SWOORUP\DOCUMENTS\GITHUB\GTA-MAXOUT\SJLIB\RELEASE\ENTITY.OBJ
C:\USERS\SWOORUP\DOCUMENTS\GITHUB\GTA-MAXOUT\SJLIB\RELEASE\GAMEVC.CPP.NATIVECODEANALYSIS.XML
C:\USERS\SWOORUP\DOCUMENTS\GITHUB\GTA-MAXOUT\SJLIB\RELEASE\GAMEVC.OBJ
C:\USERS\SWOORUP\DOCUMENTS\GITHUB\GTA-MAXOUT\SJLIB\RELEASE\HOOKPATHFINDING.CPP.NATIVECODEANALYSIS.XML
C:\USERS\SWOORUP\DOCUMENTS\GITHUB\GTA-MAXOUT\SJLIB\RELEASE\HOOKPATHFINDING.OBJ
C:\USERS\SWOORUP\DOCUMENTS\GITHUB\GTA-MAXOUT\SJLIB\RELEASE\DXD8_SYSTEM.CPP.NATIVECODEANALYSIS.XML
C:\USERS\SWOORUP\DOCUMENTS\GITHUB\GTA-MAXOUT\SJLIB\RELEASE\DXD8_SYSTEM.OBJ
C:\USERS\SWOORUP\DOCUMENTS\GITHUB\GTA-MAXOUT\SJLIB\RELEASE\SECTORLIST_HOOKS.CPP.NATIVECODEANALYSIS.XML
C:\USERS\SWOORUP\DOCUMENTS\GITHUB\GTA-MAXOUT\SJLIB\RELEASE\SECTORLIST_HOOKS.OBJ
C:\USERS\SWOORUP\DOCUMENTS\GITHUB\GTA-MAXOUT\SJLIB\RELEASE\PATHFINDING.CPP.NATIVECODEANALYSIS.XML
C:\USERS\SWOORUP\DOCUMENTS\GITHUB\GTA-MAXOUT\SJLIB\RELEASE\PATHFINDING.OBJ
C:\USERS\SWOORUP\DOCUMENTS\GITHUB\GTA-MAXOUT\SJLIB\RELEASE\PHYSICAL.CPP.NATIVECODEANALYSIS.XML
C:\USERS\SWOORUP\DOCUMENTS\GITHUB\GTA-MAXOUT\SJLIB\RELEASE\PHYSICAL.OBJ
C:\USERS\SWOORUP\DOCUMENTS\GITHUB\GTA-MAXOUT\SJLIB\RELEASE\RENDERWARE.CPP.NATIVECODEANALYSIS.XML
C:\USERS\SWOORUP\DOCUMENTS\GITHUB\GTA-MAXOUT\SJLIB\RELEASE\RENDERWARE.OBJ
C:\USERS\SWOORUP\DOCUMENTS\GITHUB\GTA-MAXOUT\SJLIB\RELEASE\TRAFFICLIGHTS.CPP.NATIVECODEANALYSIS.XML
C:\USERS\SWOORUP\DOCUMENTS\GITHUB\GTA-MAXOUT\SJLIB\RELEASE\TRAFFICLIGHTS.OBJ
C:\USERS\SWOORUP\DOCUMENTS\GITHUB\GTA-MAXOUT\SJLIB\RELEASE\VEHICLE.CPP.NATIVECODEANALYSIS.XML
C:\USERS\SWOORUP\DOCUMENTS\GITHUB\GTA-MAXOUT\SJLIB\RELEASE\VEHICLE.OBJ
C:\USERS\SWOORUP\DOCUMENTS\GITHUB\GTA-MAXOUT\SJLIB\RELEASE\WATERLEVEL.CPP.NATIVECODEANALYSIS.XML
C:\USERS\SWOORUP\DOCUMENTS\GITHUB\GTA-MAXOUT\SJLIB\RELEASE\WATERLEVEL.OBJ
C:\Users\Swoorup\Documents\GitHub\gta-maxout\SJLIB\Release\automobile.obj
C:\Users\Swoorup\Documents\GitHub\gta-maxout\SJLIB\Release\CAutoPilot.obj
C:\Users\Swoorup\Documents\GitHub\gta-maxout\SJLIB\Release\CCarCtrl.obj
C:\Users\Swoorup\Documents\GitHub\gta-maxout\SJLIB\Release\CCullZones.obj
C:\Users\Swoorup\Documents\GitHub\gta-maxout\SJLIB\Release\CCurves.obj
C:\Users\Swoorup\Documents\GitHub\gta-maxout\SJLIB\Release\CDebug.obj
C:\Users\Swoorup\Documents\GitHub\gta-maxout\SJLIB\Release\CFileLoader.obj
C:\Users\Swoorup\Documents\GitHub\gta-maxout\SJLIB\Release\CFileMgr.obj
C:\Users\Swoorup\Documents\GitHub\gta-maxout\SJLIB\Release\CFont.obj
C:\Users\Swoorup\Documents\GitHub\gta-maxout\SJLIB\Release\CGameHookManager.obj
C:\Users\Swoorup\Documents\GitHub\gta-maxout\SJLIB\Release\CGameVariables.obj
C:\Users\Swoorup\Documents\GitHub\gta-maxout\SJLIB\Release\CGeneral.obj
C:\Users\Swoorup\Documents\GitHub\gta-maxout\SJLIB\Release\CPed.obj
C:\Users\Swoorup\Documents\GitHub\gta-maxout\SJLIB\Release\CSprite2D.obj
C:\Users\Swoorup\Documents\GitHub\gta-maxout\SJLIB\Release\CTheCarGenerators.obj
C:\Users\Swoorup\Documents\GitHub\gta-maxout\SJLIB\Release\CTheZones.obj
C:\Users\Swoorup\Documents\GitHub\gta-maxout\SJLIB\Release\CTxdStore.obj
C:\Users\Swoorup\Documents\GitHub\gta-maxout\SJLIB\Release\dxd8_system.obj
C:\Users\Swoorup\Documents\GitHub\gta-maxout\SJLIB\Release\entity.obj
C:\Users\Swoorup\Documents\GitHub\gta-maxout\SJLIB\Release\FileLoaderAddIns.obj
C:\Users\Swoorup\Documents\GitHub\gta-maxout\SJLIB\Release\GameVC.obj
C:\Users\Swoorup\Documents\GitHub\gta-maxout\SJLIB\Release\hookPathfinding.obj
C:\Users\Swoorup\Documents\GitHub\gta-maxout\SJLIB\Release\pathfinding.obj
C:\Users\Swoorup\Documents\GitHub\gta-maxout\SJLIB\Release\physical.obj
C:\Users\Swoorup\Documents\GitHub\gta-maxout\SJLIB\Release\RenderWare.obj
C:\Users\Swoorup\Documents\GitHub\gta-maxout\SJLIB\Release\sectorlist_hooks.obj
C:\Users\Swoorup\Documents\GitHub\gta-maxout\SJLIB\Release\trafficlights.obj
C:\Users\Swoorup\Documents\GitHub\gta-maxout\SJLIB\Release\vehicle.obj
C:\Users\Swoorup\Documents\GitHub\gta-maxout\SJLIB\Release\waterlevel.obj
C:\Users\Swoorup\Documents\GitHub\gta-maxout\SJLIB\Release\cl.command.1.tlog
C:\Users\Swoorup\Documents\GitHub\gta-maxout\SJLIB\Release\CL.read.1.tlog
C:\Users\Swoorup\Documents\GitHub\gta-maxout\SJLIB\Release\CL.read.3.tlog
C:\Users\Swoorup\Documents\GitHub\gta-maxout\SJLIB\Release\CL.write.1.tlog
C:\Users\Swoorup\Documents\GitHub\gta-maxout\SJLIB\Release\vc110.pdb
C:\Users\Swoorup\Documents\GitHub\gta-maxout\SJLIB\Release\automobile.cpp.nativecodeanalysis.xml
C:\Users\Swoorup\Documents\GitHub\gta-maxout\SJLIB\Release\CAutoPilot.cpp.nativecodeanalysis.xml
C:\Users\Swoorup\Documents\GitHub\gta-maxout\SJLIB\Release\CCarCtrl.cpp.nativecodeanalysis.xml
C:\Users\Swoorup\Documents\GitHub\gta-maxout\SJLIB\Release\CCullZones.cpp.nativecodeanalysis.xml
C:\Users\Swoorup\Documents\GitHub\gta-maxout\SJLIB\Release\CCurves.cpp.nativecodeanalysis.xml
C:\Users\Swoorup\Documents\GitHub\gta-maxout\SJLIB\Release\CDebug.cpp.nativecodeanalysis.xml
C:\Users\Swoorup\Documents\GitHub\gta-maxout\SJLIB\Release\CFileLoader.cpp.nativecodeanalysis.xml
C:\Users\Swoorup\Documents\GitHub\gta-maxout\SJLIB\Release\CFileMgr.cpp.nativecodeanalysis.xml
C:\Users\Swoorup\Documents\GitHub\gta-maxout\SJLIB\Release\CFont.cpp.nativecodeanalysis.xml
C:\Users\Swoorup\Documents\GitHub\gta-maxout\SJLIB\Release\CGameHookManager.cpp.nativecodeanalysis.xml
C:\Users\Swoorup\Documents\GitHub\gta-maxout\SJLIB\Release\CGameVariables.cpp.nativecodeanalysis.xml
C:\Users\Swoorup\Documents\GitHub\gta-maxout\SJLIB\Release\CGeneral.cpp.nativecodeanalysis.xml
C:\Users\Swoorup\Documents\GitHub\gta-maxout\SJLIB\Release\CPed.cpp.nativecodeanalysis.xml
C:\Users\Swoorup\Documents\GitHub\gta-maxout\SJLIB\Release\CSprite2D.cpp.nativecodeanalysis.xml
C:\Users\Swoorup\Documents\GitHub\gta-maxout\SJLIB\Release\CTheCarGenerators.cpp.nativecodeanalysis.xml
C:\Users\Swoorup\Documents\GitHub\gta-maxout\SJLIB\Release\CTheZones.cpp.nativecodeanalysis.xml
C:\Users\Swoorup\Documents\GitHub\gta-maxout\SJLIB\Release\CTxdStore.cpp.nativecodeanalysis.xml
C:\Users\Swoorup\Documents\GitHub\gta-maxout\SJLIB\Release\dxd8_system.cpp.nativecodeanalysis.xml
C:\Users\Swoorup\Documents\GitHub\gta-maxout\SJLIB\Release\entity.cpp.nativecodeanalysis.xml
C:\Users\Swoorup\Documents\GitHub\gta-maxout\SJLIB\Release\FileLoaderAddIns.cpp.nativecodeanalysis.xml
C:\Users\Swoorup\Documents\GitHub\gta-maxout\SJLIB\Release\GameVC.cpp.nativecodeanalysis.xml
C:\Users\Swoorup\Documents\GitHub\gta-maxout\SJLIB\Release\hookPathfinding.cpp.nativecodeanalysis.xml
C:\Users\Swoorup\Documents\GitHub\gta-maxout\SJLIB\Release\pathfinding.cpp.nativecodeanalysis.xml
C:\Users\Swoorup\Documents\GitHub\gta-maxout\SJLIB\Release\physical.cpp.nativecodeanalysis.xml
C:\Users\Swoorup\Documents\GitHub\gta-maxout\SJLIB\Release\RenderWare.cpp.nativecodeanalysis.xml
C:\Users\Swoorup\Documents\GitHub\gta-maxout\SJLIB\Release\sectorlist_hooks.cpp.nativecodeanalysis.xml
C:\Users\Swoorup\Documents\GitHub\gta-maxout\SJLIB\Release\trafficlights.cpp.nativecodeanalysis.xml
C:\Users\Swoorup\Documents\GitHub\gta-maxout\SJLIB\Release\vehicle.cpp.nativecodeanalysis.xml
C:\Users\Swoorup\Documents\GitHub\gta-maxout\SJLIB\Release\waterlevel.cpp.nativecodeanalysis.xml
