Build started 8/07/2013 10:18:41 PM.
     1>Project "C:\Users\Swoorup\Documents\GitHub\gta-maxout\SJLIB\SJLIB.vcxproj" on node 2 (Rebuild target(s)).
     1>ClCompile:
         C:\Program Files (x86)\Microsoft Visual Studio 11.0\VC\bin\CL.exe /c /I"C:\Users\Swoorup\Documents\GitHub\gta-maxout\SJLIB\include" /Zi /nologo /W3 /WX- /sdl /O2 /Oi /Oy- /GL /D CODE_ANALYSIS /D WIN32 /D NDEBUG /D _WINDOWS /D _USRDLL /D SJLIB_EXPORTS /D _WINDLL /D _UNICODE /D UNICODE /Gm- /EHsc /MD /GS /Gy /fp:precise /Zc:wchar_t /Zc:forScope /Fo"Release\\" /Fd"Release\vc110.pdb" /Gd /TP /analyze /analyze:log "Release\FileLoaderAddIns.cpp.nativecodeanalysis.xml" /analyze:pluginlocalespc.dll /errorReport:prompt   /analyze:quiet src\FileLoaderAddIns.cpp
         FileLoaderAddIns.cpp
         C:\Program Files (x86)\Microsoft Visual Studio 11.0\VC\bin\CL.exe /c /I"C:\Users\Swoorup\Documents\GitHub\gta-maxout\SJLIB\include" /Zi /nologo /W3 /WX- /sdl /O2 /Oi /Oy- /GL /D CODE_ANALYSIS /D WIN32 /D NDEBUG /D _WINDOWS /D _USRDLL /D SJLIB_EXPORTS /D _WINDLL /D _UNICODE /D UNICODE /Gm- /EHsc /MD /GS /Gy /fp:precise /Zc:wchar_t /Zc:forScope /Fo"Release\\" /Fd"Release\vc110.pdb" /Gd /TP /analyze /analyze:log "Release\automobile.cpp.nativecodeanalysis.xml" /analyze:pluginlocalespc.dll /errorReport:prompt   /analyze:quiet src\GameVC\automobile.cpp
         automobile.cpp
         C:\Program Files (x86)\Microsoft Visual Studio 11.0\VC\bin\CL.exe /c /I"C:\Users\Swoorup\Documents\GitHub\gta-maxout\SJLIB\include" /Zi /nologo /W3 /WX- /sdl /O2 /Oi /Oy- /GL /D CODE_ANALYSIS /D WIN32 /D NDEBUG /D _WINDOWS /D _USRDLL /D SJLIB_EXPORTS /D _WINDLL /D _UNICODE /D UNICODE /Gm- /EHsc /MD /GS /Gy /fp:precise /Zc:wchar_t /Zc:forScope /Fo"Release\\" /Fd"Release\vc110.pdb" /Gd /TP /analyze /analyze:log "Release\CAutoPilot.cpp.nativecodeanalysis.xml" /analyze:pluginlocalespc.dll /errorReport:prompt   /analyze:quiet src\GameVC\CAutoPilot.cpp
         CAutoPilot.cpp
     1>src\GameVC\CAutoPilot.cpp(37): warning C4244: 'initializing' : conversion from 'double' to 'float', possible loss of data
         C:\Program Files (x86)\Microsoft Visual Studio 11.0\VC\bin\CL.exe /c /I"C:\Users\Swoorup\Documents\GitHub\gta-maxout\SJLIB\include" /Zi /nologo /W3 /WX- /sdl /O2 /Oi /Oy- /GL /D CODE_ANALYSIS /D WIN32 /D NDEBUG /D _WINDOWS /D _USRDLL /D SJLIB_EXPORTS /D _WINDLL /D _UNICODE /D UNICODE /Gm- /EHsc /MD /GS /Gy /fp:precise /Zc:wchar_t /Zc:forScope /Fo"Release\\" /Fd"Release\vc110.pdb" /Gd /TP /analyze /analyze:log "Release\CCarCtrl.cpp.nativecodeanalysis.xml" /analyze:pluginlocalespc.dll /errorReport:prompt   /analyze:quiet src\GameVC\CCarCtrl.cpp
         CCarCtrl.cpp
     1>src\GameVC\CCarCtrl.cpp(192): warning C4244: 'initializing' : conversion from 'double' to 'float', possible loss of data
     1>src\GameVC\CCarCtrl.cpp(201): warning C4244: 'initializing' : conversion from 'double' to 'float', possible loss of data
     1>src\GameVC\CCarCtrl.cpp(202): warning C4305: 'argument' : truncation from 'double' to 'const float'
     1>src\GameVC\CCarCtrl.cpp(635): warning C4244: '=' : conversion from 'double' to 'float', possible loss of data
     1>src\GameVC\CCarCtrl.cpp(636): warning C4244: '=' : conversion from 'double' to 'float', possible loss of data
     1>src\GameVC\CCarCtrl.cpp(637): warning C4244: '=' : conversion from 'double' to 'float', possible loss of data
     1>src\GameVC\CCarCtrl.cpp(638): warning C4244: '=' : conversion from 'double' to 'float', possible loss of data
         C:\Program Files (x86)\Microsoft Visual Studio 11.0\VC\bin\CL.exe /c /I"C:\Users\Swoorup\Documents\GitHub\gta-maxout\SJLIB\include" /Zi /nologo /W3 /WX- /sdl /O2 /Oi /Oy- /GL /D CODE_ANALYSIS /D WIN32 /D NDEBUG /D _WINDOWS /D _USRDLL /D SJLIB_EXPORTS /D _WINDLL /D _UNICODE /D UNICODE /Gm- /EHsc /MD /GS /Gy /fp:precise /Zc:wchar_t /Zc:forScope /Fo"Release\\" /Fd"Release\vc110.pdb" /Gd /TP /analyze /analyze:log "Release\CCullZones.cpp.nativecodeanalysis.xml" /analyze:pluginlocalespc.dll /errorReport:prompt   /analyze:quiet src\GameVC\CCullZones.cpp
         CCullZones.cpp
         C:\Program Files (x86)\Microsoft Visual Studio 11.0\VC\bin\CL.exe /c /I"C:\Users\Swoorup\Documents\GitHub\gta-maxout\SJLIB\include" /Zi /nologo /W3 /WX- /sdl /O2 /Oi /Oy- /GL /D CODE_ANALYSIS /D WIN32 /D NDEBUG /D _WINDOWS /D _USRDLL /D SJLIB_EXPORTS /D _WINDLL /D _UNICODE /D UNICODE /Gm- /EHsc /MD /GS /Gy /fp:precise /Zc:wchar_t /Zc:forScope /Fo"Release\\" /Fd"Release\vc110.pdb" /Gd /TP /analyze /analyze:log "Release\CCurves.cpp.nativecodeanalysis.xml" /analyze:pluginlocalespc.dll /errorReport:prompt   /analyze:quiet src\GameVC\CCurves.cpp
         CCurves.cpp
         C:\Program Files (x86)\Microsoft Visual Studio 11.0\VC\bin\CL.exe /c /I"C:\Users\Swoorup\Documents\GitHub\gta-maxout\SJLIB\include" /Zi /nologo /W3 /WX- /sdl /O2 /Oi /Oy- /GL /D CODE_ANALYSIS /D WIN32 /D NDEBUG /D _WINDOWS /D _USRDLL /D SJLIB_EXPORTS /D _WINDLL /D _UNICODE /D UNICODE /Gm- /EHsc /MD /GS /Gy /fp:precise /Zc:wchar_t /Zc:forScope /Fo"Release\\" /Fd"Release\vc110.pdb" /Gd /TP /analyze /analyze:log "Release\CDebug.cpp.nativecodeanalysis.xml" /analyze:pluginlocalespc.dll /errorReport:prompt   /analyze:quiet src\GameVC\CDebug.cpp
         CDebug.cpp
         C:\Program Files (x86)\Microsoft Visual Studio 11.0\VC\bin\CL.exe /c /I"C:\Users\Swoorup\Documents\GitHub\gta-maxout\SJLIB\include" /Zi /nologo /W3 /WX- /sdl /O2 /Oi /Oy- /GL /D CODE_ANALYSIS /D WIN32 /D NDEBUG /D _WINDOWS /D _USRDLL /D SJLIB_EXPORTS /D _WINDLL /D _UNICODE /D UNICODE /Gm- /EHsc /MD /GS /Gy /fp:precise /Zc:wchar_t /Zc:forScope /Fo"Release\\" /Fd"Release\vc110.pdb" /Gd /TP /analyze /analyze:log "Release\CFileLoader.cpp.nativecodeanalysis.xml" /analyze:pluginlocalespc.dll /errorReport:prompt   /analyze:quiet src\GameVC\CFileLoader.cpp
         CFileLoader.cpp
     1>src\GameVC\CFileLoader.cpp(203): warning C4244: 'argument' : conversion from 'double' to 'float', possible loss of data
     1>src\GameVC\CFileLoader.cpp(221): warning C4244: 'argument' : conversion from 'double' to 'float', possible loss of data
     1>src\GameVC\CFileLoader.cpp(239): warning C4244: 'argument' : conversion from 'double' to 'float', possible loss of data
         C:\Program Files (x86)\Microsoft Visual Studio 11.0\VC\bin\CL.exe /c /I"C:\Users\Swoorup\Documents\GitHub\gta-maxout\SJLIB\include" /Zi /nologo /W3 /WX- /sdl /O2 /Oi /Oy- /GL /D CODE_ANALYSIS /D WIN32 /D NDEBUG /D _WINDOWS /D _USRDLL /D SJLIB_EXPORTS /D _WINDLL /D _UNICODE /D UNICODE /Gm- /EHsc /MD /GS /Gy /fp:precise /Zc:wchar_t /Zc:forScope /Fo"Release\\" /Fd"Release\vc110.pdb" /Gd /TP /analyze /analyze:log "Release\CFileMgr.cpp.nativecodeanalysis.xml" /analyze:pluginlocalespc.dll /errorReport:prompt   /analyze:quiet src\GameVC\CFileMgr.cpp
         CFileMgr.cpp
         C:\Program Files (x86)\Microsoft Visual Studio 11.0\VC\bin\CL.exe /c /I"C:\Users\Swoorup\Documents\GitHub\gta-maxout\SJLIB\include" /Zi /nologo /W3 /WX- /sdl /O2 /Oi /Oy- /GL /D CODE_ANALYSIS /D WIN32 /D NDEBUG /D _WINDOWS /D _USRDLL /D SJLIB_EXPORTS /D _WINDLL /D _UNICODE /D UNICODE /Gm- /EHsc /MD /GS /Gy /fp:precise /Zc:wchar_t /Zc:forScope /Fo"Release\\" /Fd"Release\vc110.pdb" /Gd /TP /analyze /analyze:log "Release\CFont.cpp.nativecodeanalysis.xml" /analyze:pluginlocalespc.dll /errorReport:prompt   /analyze:quiet src\GameVC\CFont.cpp
         CFont.cpp
         C:\Program Files (x86)\Microsoft Visual Studio 11.0\VC\bin\CL.exe /c /I"C:\Users\Swoorup\Documents\GitHub\gta-maxout\SJLIB\include" /Zi /nologo /W3 /WX- /sdl /O2 /Oi /Oy- /GL /D CODE_ANALYSIS /D WIN32 /D NDEBUG /D _WINDOWS /D _USRDLL /D SJLIB_EXPORTS /D _WINDLL /D _UNICODE /D UNICODE /Gm- /EHsc /MD /GS /Gy /fp:precise /Zc:wchar_t /Zc:forScope /Fo"Release\\" /Fd"Release\vc110.pdb" /Gd /TP /analyze /analyze:log "Release\CGameHookManager.cpp.nativecodeanalysis.xml" /analyze:pluginlocalespc.dll /errorReport:prompt   /analyze:quiet src\GameVC\CGameHookManager.cpp
         CGameHookManager.cpp
         C:\Program Files (x86)\Microsoft Visual Studio 11.0\VC\bin\CL.exe /c /I"C:\Users\Swoorup\Documents\GitHub\gta-maxout\SJLIB\include" /Zi /nologo /W3 /WX- /sdl /O2 /Oi /Oy- /GL /D CODE_ANALYSIS /D WIN32 /D NDEBUG /D _WINDOWS /D _USRDLL /D SJLIB_EXPORTS /D _WINDLL /D _UNICODE /D UNICODE /Gm- /EHsc /MD /GS /Gy /fp:precise /Zc:wchar_t /Zc:forScope /Fo"Release\\" /Fd"Release\vc110.pdb" /Gd /TP /analyze /analyze:log "Release\CGameVariables.cpp.nativecodeanalysis.xml" /analyze:pluginlocalespc.dll /errorReport:prompt   /analyze:quiet src\GameVC\CGameVariables.cpp
         CGameVariables.cpp
         C:\Program Files (x86)\Microsoft Visual Studio 11.0\VC\bin\CL.exe /c /I"C:\Users\Swoorup\Documents\GitHub\gta-maxout\SJLIB\include" /Zi /nologo /W3 /WX- /sdl /O2 /Oi /Oy- /GL /D CODE_ANALYSIS /D WIN32 /D NDEBUG /D _WINDOWS /D _USRDLL /D SJLIB_EXPORTS /D _WINDLL /D _UNICODE /D UNICODE /Gm- /EHsc /MD /GS /Gy /fp:precise /Zc:wchar_t /Zc:forScope /Fo"Release\\" /Fd"Release\vc110.pdb" /Gd /TP /analyze /analyze:log "Release\CGeneral.cpp.nativecodeanalysis.xml" /analyze:pluginlocalespc.dll /errorReport:prompt   /analyze:quiet src\GameVC\CGeneral.cpp
         CGeneral.cpp
         C:\Program Files (x86)\Microsoft Visual Studio 11.0\VC\bin\CL.exe /c /I"C:\Users\Swoorup\Documents\GitHub\gta-maxout\SJLIB\include" /Zi /nologo /W3 /WX- /sdl /O2 /Oi /Oy- /GL /D CODE_ANALYSIS /D WIN32 /D NDEBUG /D _WINDOWS /D _USRDLL /D SJLIB_EXPORTS /D _WINDLL /D _UNICODE /D UNICODE /Gm- /EHsc /MD /GS /Gy /fp:precise /Zc:wchar_t /Zc:forScope /Fo"Release\\" /Fd"Release\vc110.pdb" /Gd /TP /analyze /analyze:log "Release\CPed.cpp.nativecodeanalysis.xml" /analyze:pluginlocalespc.dll /errorReport:prompt   /analyze:quiet src\GameVC\CPed.cpp
         CPed.cpp
         C:\Program Files (x86)\Microsoft Visual Studio 11.0\VC\bin\CL.exe /c /I"C:\Users\Swoorup\Documents\GitHub\gta-maxout\SJLIB\include" /Zi /nologo /W3 /WX- /sdl /O2 /Oi /Oy- /GL /D CODE_ANALYSIS /D WIN32 /D NDEBUG /D _WINDOWS /D _USRDLL /D SJLIB_EXPORTS /D _WINDLL /D _UNICODE /D UNICODE /Gm- /EHsc /MD /GS /Gy /fp:precise /Zc:wchar_t /Zc:forScope /Fo"Release\\" /Fd"Release\vc110.pdb" /Gd /TP /analyze /analyze:log "Release\CSprite2D.cpp.nativecodeanalysis.xml" /analyze:pluginlocalespc.dll /errorReport:prompt   /analyze:quiet src\GameVC\CSprite2D.cpp
         CSprite2D.cpp
         C:\Program Files (x86)\Microsoft Visual Studio 11.0\VC\bin\CL.exe /c /I"C:\Users\Swoorup\Documents\GitHub\gta-maxout\SJLIB\include" /Zi /nologo /W3 /WX- /sdl /O2 /Oi /Oy- /GL /D CODE_ANALYSIS /D WIN32 /D NDEBUG /D _WINDOWS /D _USRDLL /D SJLIB_EXPORTS /D _WINDLL /D _UNICODE /D UNICODE /Gm- /EHsc /MD /GS /Gy /fp:precise /Zc:wchar_t /Zc:forScope /Fo"Release\\" /Fd"Release\vc110.pdb" /Gd /TP /analyze /analyze:log "Release\CTheCarGenerators.cpp.nativecodeanalysis.xml" /analyze:pluginlocalespc.dll /errorReport:prompt   /analyze:quiet src\GameVC\CTheCarGenerators.cpp
         CTheCarGenerators.cpp
         C:\Program Files (x86)\Microsoft Visual Studio 11.0\VC\bin\CL.exe /c /I"C:\Users\Swoorup\Documents\GitHub\gta-maxout\SJLIB\include" /Zi /nologo /W3 /WX- /sdl /O2 /Oi /Oy- /GL /D CODE_ANALYSIS /D WIN32 /D NDEBUG /D _WINDOWS /D _USRDLL /D SJLIB_EXPORTS /D _WINDLL /D _UNICODE /D UNICODE /Gm- /EHsc /MD /GS /Gy /fp:precise /Zc:wchar_t /Zc:forScope /Fo"Release\\" /Fd"Release\vc110.pdb" /Gd /TP /analyze /analyze:log "Release\CTheZones.cpp.nativecodeanalysis.xml" /analyze:pluginlocalespc.dll /errorReport:prompt   /analyze:quiet src\GameVC\CTheZones.cpp
         CTheZones.cpp
         C:\Program Files (x86)\Microsoft Visual Studio 11.0\VC\bin\CL.exe /c /I"C:\Users\Swoorup\Documents\GitHub\gta-maxout\SJLIB\include" /Zi /nologo /W3 /WX- /sdl /O2 /Oi /Oy- /GL /D CODE_ANALYSIS /D WIN32 /D NDEBUG /D _WINDOWS /D _USRDLL /D SJLIB_EXPORTS /D _WINDLL /D _UNICODE /D UNICODE /Gm- /EHsc /MD /GS /Gy /fp:precise /Zc:wchar_t /Zc:forScope /Fo"Release\\" /Fd"Release\vc110.pdb" /Gd /TP /analyze /analyze:log "Release\CTxdStore.cpp.nativecodeanalysis.xml" /analyze:pluginlocalespc.dll /errorReport:prompt   /analyze:quiet src\GameVC\CTxdStore.cpp
         CTxdStore.cpp
         C:\Program Files (x86)\Microsoft Visual Studio 11.0\VC\bin\CL.exe /c /I"C:\Users\Swoorup\Documents\GitHub\gta-maxout\SJLIB\include" /Zi /nologo /W3 /WX- /sdl /O2 /Oi /Oy- /GL /D CODE_ANALYSIS /D WIN32 /D NDEBUG /D _WINDOWS /D _USRDLL /D SJLIB_EXPORTS /D _WINDLL /D _UNICODE /D UNICODE /Gm- /EHsc /MD /GS /Gy /fp:precise /Zc:wchar_t /Zc:forScope /Fo"Release\\" /Fd"Release\vc110.pdb" /Gd /TP /analyze /analyze:log "Release\entity.cpp.nativecodeanalysis.xml" /analyze:pluginlocalespc.dll /errorReport:prompt   /analyze:quiet src\GameVC\entity.cpp
         entity.cpp
         C:\Program Files (x86)\Microsoft Visual Studio 11.0\VC\bin\CL.exe /c /I"C:\Users\Swoorup\Documents\GitHub\gta-maxout\SJLIB\include" /Zi /nologo /W3 /WX- /sdl /O2 /Oi /Oy- /GL /D CODE_ANALYSIS /D WIN32 /D NDEBUG /D _WINDOWS /D _USRDLL /D SJLIB_EXPORTS /D _WINDLL /D _UNICODE /D UNICODE /Gm- /EHsc /MD /GS /Gy /fp:precise /Zc:wchar_t /Zc:forScope /Fo"Release\\" /Fd"Release\vc110.pdb" /Gd /TP /analyze /analyze:log "Release\GameVC.cpp.nativecodeanalysis.xml" /analyze:pluginlocalespc.dll /errorReport:prompt   /analyze:quiet src\GameVC\GameVC.cpp
         GameVC.cpp
         C:\Program Files (x86)\Microsoft Visual Studio 11.0\VC\bin\CL.exe /c /I"C:\Users\Swoorup\Documents\GitHub\gta-maxout\SJLIB\include" /Zi /nologo /W3 /WX- /sdl /O2 /Oi /Oy- /GL /D CODE_ANALYSIS /D WIN32 /D NDEBUG /D _WINDOWS /D _USRDLL /D SJLIB_EXPORTS /D _WINDLL /D _UNICODE /D UNICODE /Gm- /EHsc /MD /GS /Gy /fp:precise /Zc:wchar_t /Zc:forScope /Fo"Release\\" /Fd"Release\vc110.pdb" /Gd /TP /analyze /analyze:log "Release\hookPathfinding.cpp.nativecodeanalysis.xml" /analyze:pluginlocalespc.dll /errorReport:prompt   /analyze:quiet src\GameVC\hookPathfinding.cpp
         hookPathfinding.cpp
         C:\Program Files (x86)\Microsoft Visual Studio 11.0\VC\bin\CL.exe /c /I"C:\Users\Swoorup\Documents\GitHub\gta-maxout\SJLIB\include" /Zi /nologo /W3 /WX- /sdl /O2 /Oi /Oy- /GL /D CODE_ANALYSIS /D WIN32 /D NDEBUG /D _WINDOWS /D _USRDLL /D SJLIB_EXPORTS /D _WINDLL /D _UNICODE /D UNICODE /Gm- /EHsc /MD /GS /Gy /fp:precise /Zc:wchar_t /Zc:forScope /Fo"Release\\" /Fd"Release\vc110.pdb" /Gd /TP /analyze /analyze:log "Release\dxd8_system.cpp.nativecodeanalysis.xml" /analyze:pluginlocalespc.dll /errorReport:prompt   /analyze:quiet src\GameVC\InternalHooks\dxd8_system.cpp
         dxd8_system.cpp
         Macro definition of max detected - undefining
         Macro definition of min detected - undefining
     1>src\GameVC\InternalHooks\dxd8_system.cpp(192): warning C4244: 'argument' : conversion from 'DWORD' to 'unsigned char', possible loss of data
     1>src\GameVC\InternalHooks\dxd8_system.cpp(193): warning C4244: 'argument' : conversion from 'DWORD' to 'unsigned char', possible loss of data
     1>src\GameVC\InternalHooks\dxd8_system.cpp(194): warning C4244: 'argument' : conversion from 'DWORD' to 'unsigned char', possible loss of data
         C:\Program Files (x86)\Microsoft Visual Studio 11.0\VC\bin\CL.exe /c /I"C:\Users\Swoorup\Documents\GitHub\gta-maxout\SJLIB\include" /Zi /nologo /W3 /WX- /sdl /O2 /Oi /Oy- /GL /D CODE_ANALYSIS /D WIN32 /D NDEBUG /D _WINDOWS /D _USRDLL /D SJLIB_EXPORTS /D _WINDLL /D _UNICODE /D UNICODE /Gm- /EHsc /MD /GS /Gy /fp:precise /Zc:wchar_t /Zc:forScope /Fo"Release\\" /Fd"Release\vc110.pdb" /Gd /TP /analyze /analyze:log "Release\sectorlist_hooks.cpp.nativecodeanalysis.xml" /analyze:pluginlocalespc.dll /errorReport:prompt   /analyze:quiet src\GameVC\InternalHooks\sectorlist_hooks.cpp
         sectorlist_hooks.cpp
         C:\Program Files (x86)\Microsoft Visual Studio 11.0\VC\bin\CL.exe /c /I"C:\Users\Swoorup\Documents\GitHub\gta-maxout\SJLIB\include" /Zi /nologo /W3 /WX- /sdl /O2 /Oi /Oy- /GL /D CODE_ANALYSIS /D WIN32 /D NDEBUG /D _WINDOWS /D _USRDLL /D SJLIB_EXPORTS /D _WINDLL /D _UNICODE /D UNICODE /Gm- /EHsc /MD /GS /Gy /fp:precise /Zc:wchar_t /Zc:forScope /Fo"Release\\" /Fd"Release\vc110.pdb" /Gd /TP /analyze /analyze:log "Release\pathfinding.cpp.nativecodeanalysis.xml" /analyze:pluginlocalespc.dll /errorReport:prompt   /analyze:quiet src\GameVC\pathfinding.cpp
         pathfinding.cpp
     1>src\GameVC\pathfinding.cpp(983): warning C4244: 'argument' : conversion from 'double' to 'float', possible loss of data
         C:\Program Files (x86)\Microsoft Visual Studio 11.0\VC\bin\CL.exe /c /I"C:\Users\Swoorup\Documents\GitHub\gta-maxout\SJLIB\include" /Zi /nologo /W3 /WX- /sdl /O2 /Oi /Oy- /GL /D CODE_ANALYSIS /D WIN32 /D NDEBUG /D _WINDOWS /D _USRDLL /D SJLIB_EXPORTS /D _WINDLL /D _UNICODE /D UNICODE /Gm- /EHsc /MD /GS /Gy /fp:precise /Zc:wchar_t /Zc:forScope /Fo"Release\\" /Fd"Release\vc110.pdb" /Gd /TP /analyze /analyze:log "Release\physical.cpp.nativecodeanalysis.xml" /analyze:pluginlocalespc.dll /errorReport:prompt   /analyze:quiet src\GameVC\physical.cpp
         physical.cpp
         C:\Program Files (x86)\Microsoft Visual Studio 11.0\VC\bin\CL.exe /c /I"C:\Users\Swoorup\Documents\GitHub\gta-maxout\SJLIB\include" /Zi /nologo /W3 /WX- /sdl /O2 /Oi /Oy- /GL /D CODE_ANALYSIS /D WIN32 /D NDEBUG /D _WINDOWS /D _USRDLL /D SJLIB_EXPORTS /D _WINDLL /D _UNICODE /D UNICODE /Gm- /EHsc /MD /GS /Gy /fp:precise /Zc:wchar_t /Zc:forScope /Fo"Release\\" /Fd"Release\vc110.pdb" /Gd /TP /analyze /analyze:log "Release\RenderWare.cpp.nativecodeanalysis.xml" /analyze:pluginlocalespc.dll /errorReport:prompt   /analyze:quiet src\GameVC\RenderWare.cpp
         RenderWare.cpp
         C:\Program Files (x86)\Microsoft Visual Studio 11.0\VC\bin\CL.exe /c /I"C:\Users\Swoorup\Documents\GitHub\gta-maxout\SJLIB\include" /Zi /nologo /W3 /WX- /sdl /O2 /Oi /Oy- /GL /D CODE_ANALYSIS /D WIN32 /D NDEBUG /D _WINDOWS /D _USRDLL /D SJLIB_EXPORTS /D _WINDLL /D _UNICODE /D UNICODE /Gm- /EHsc /MD /GS /Gy /fp:precise /Zc:wchar_t /Zc:forScope /Fo"Release\\" /Fd"Release\vc110.pdb" /Gd /TP /analyze /analyze:log "Release\trafficlights.cpp.nativecodeanalysis.xml" /analyze:pluginlocalespc.dll /errorReport:prompt   /analyze:quiet src\GameVC\trafficlights.cpp
         trafficlights.cpp
         C:\Program Files (x86)\Microsoft Visual Studio 11.0\VC\bin\CL.exe /c /I"C:\Users\Swoorup\Documents\GitHub\gta-maxout\SJLIB\include" /Zi /nologo /W3 /WX- /sdl /O2 /Oi /Oy- /GL /D CODE_ANALYSIS /D WIN32 /D NDEBUG /D _WINDOWS /D _USRDLL /D SJLIB_EXPORTS /D _WINDLL /D _UNICODE /D UNICODE /Gm- /EHsc /MD /GS /Gy /fp:precise /Zc:wchar_t /Zc:forScope /Fo"Release\\" /Fd"Release\vc110.pdb" /Gd /TP /analyze /analyze:log "Release\vehicle.cpp.nativecodeanalysis.xml" /analyze:pluginlocalespc.dll /errorReport:prompt   /analyze:quiet src\GameVC\vehicle.cpp
         vehicle.cpp
         C:\Program Files (x86)\Microsoft Visual Studio 11.0\VC\bin\CL.exe /c /I"C:\Users\Swoorup\Documents\GitHub\gta-maxout\SJLIB\include" /Zi /nologo /W3 /WX- /sdl /O2 /Oi /Oy- /GL /D CODE_ANALYSIS /D WIN32 /D NDEBUG /D _WINDOWS /D _USRDLL /D SJLIB_EXPORTS /D _WINDLL /D _UNICODE /D UNICODE /Gm- /EHsc /MD /GS /Gy /fp:precise /Zc:wchar_t /Zc:forScope /Fo"Release\\" /Fd"Release\vc110.pdb" /Gd /TP /analyze /analyze:log "Release\waterlevel.cpp.nativecodeanalysis.xml" /analyze:pluginlocalespc.dll /errorReport:prompt   /analyze:quiet src\GameVC\waterlevel.cpp
         waterlevel.cpp
         C:\Program Files (x86)\Microsoft Visual Studio 11.0\VC\bin\CL.exe /c /I"C:\Users\Swoorup\Documents\GitHub\gta-maxout\SJLIB\include" /Zi /nologo /W3 /WX- /sdl /O2 /Oi /Oy- /GL /D CODE_ANALYSIS /D WIN32 /D NDEBUG /D _WINDOWS /D _USRDLL /D SJLIB_EXPORTS /D _WINDLL /D _UNICODE /D UNICODE /Gm- /EHsc /MD /GS /Gy /fp:precise /Zc:wchar_t /Zc:forScope /Fo"Release\\" /Fd"Release\vc110.pdb" /Gd /TP /analyze /analyze:log "Release\weather.cpp.nativecodeanalysis.xml" /analyze:pluginlocalespc.dll /errorReport:prompt   /analyze:quiet src\GameVC\weather.cpp
         weather.cpp
         C:\Program Files (x86)\Microsoft Visual Studio 11.0\VC\bin\CL.exe /c /I"C:\Users\Swoorup\Documents\GitHub\gta-maxout\SJLIB\include" /Zi /nologo /W3 /WX- /sdl /O2 /Oi /Oy- /GL /D CODE_ANALYSIS /D WIN32 /D NDEBUG /D _WINDOWS /D _USRDLL /D SJLIB_EXPORTS /D _WINDLL /D _UNICODE /D UNICODE /Gm- /EHsc /MD /GS /Gy /fp:precise /Zc:wchar_t /Zc:forScope /Fo"Release\\" /Fd"Release\vc110.pdb" /Gd /TP /analyze /analyze:log "Release\world.cpp.nativecodeanalysis.xml" /analyze:pluginlocalespc.dll /errorReport:prompt   /analyze:quiet src\GameVC\world.cpp
         world.cpp
         C:\Program Files (x86)\Microsoft Visual Studio 11.0\VC\bin\CL.exe /c /I"C:\Users\Swoorup\Documents\GitHub\gta-maxout\SJLIB\include" /Zi /nologo /W3 /WX- /sdl /O2 /Oi /Oy- /GL /D CODE_ANALYSIS /D WIN32 /D NDEBUG /D _WINDOWS /D _USRDLL /D SJLIB_EXPORTS /D _WINDLL /D _UNICODE /D UNICODE /Gm- /EHsc /MD /GS /Gy /fp:precise /Zc:wchar_t /Zc:forScope /Fo"Release\\" /Fd"Release\vc110.pdb" /Gd /TP /analyze /analyze:log "Release\hooksystem.cpp.nativecodeanalysis.xml" /analyze:pluginlocalespc.dll /errorReport:prompt   /analyze:quiet src\hooksystem.cpp
         hooksystem.cpp
         C:\Program Files (x86)\Microsoft Visual Studio 11.0\VC\bin\CL.exe /c /I"C:\Users\Swoorup\Documents\GitHub\gta-maxout\SJLIB\include" /Zi /nologo /W3 /WX- /sdl /O2 /Oi /Oy- /GL /D CODE_ANALYSIS /D WIN32 /D NDEBUG /D _WINDOWS /D _USRDLL /D SJLIB_EXPORTS /D _WINDLL /D _UNICODE /D UNICODE /Gm- /EHsc /MD /GS /Gy /fp:precise /Zc:wchar_t /Zc:forScope /Fo"Release\\" /Fd"Release\vc110.pdb" /Gd /TP /analyze /analyze:log "Release\main.cpp.nativecodeanalysis.xml" /analyze:pluginlocalespc.dll /errorReport:prompt   /analyze:quiet src\main.cpp
         main.cpp
         C:\Program Files (x86)\Microsoft Visual Studio 11.0\VC\bin\CL.exe /c /I"C:\Users\Swoorup\Documents\GitHub\gta-maxout\SJLIB\include" /Zi /nologo /W3 /WX- /sdl /O2 /Oi /Oy- /GL /D CODE_ANALYSIS /D WIN32 /D NDEBUG /D _WINDOWS /D _USRDLL /D SJLIB_EXPORTS /D _WINDLL /D _UNICODE /D UNICODE /Gm- /EHsc /MD /GS /Gy /fp:precise /Zc:wchar_t /Zc:forScope /Fo"Release\\" /Fd"Release\vc110.pdb" /Gd /TP /analyze /analyze:log "Release\MenuMapHack.cpp.nativecodeanalysis.xml" /analyze:pluginlocalespc.dll /errorReport:prompt   /analyze:quiet src\MenuMapHack.cpp
         MenuMapHack.cpp
     1>src\MenuMapHack.cpp(84): warning C4244: '=' : conversion from 'double' to 'float', possible loss of data
     1>src\MenuMapHack.cpp(85): warning C4244: '=' : conversion from 'double' to 'float', possible loss of data
     1>src\MenuMapHack.cpp(86): warning C4244: '=' : conversion from 'double' to 'float', possible loss of data
     1>src\MenuMapHack.cpp(87): warning C4244: '=' : conversion from 'double' to 'float', possible loss of data
         C:\Program Files (x86)\Microsoft Visual Studio 11.0\VC\bin\CL.exe /c /I"C:\Users\Swoorup\Documents\GitHub\gta-maxout\SJLIB\include" /Zi /nologo /W3 /WX- /sdl /O2 /Oi /Oy- /GL /D CODE_ANALYSIS /D WIN32 /D NDEBUG /D _WINDOWS /D _USRDLL /D SJLIB_EXPORTS /D _WINDLL /D _UNICODE /D UNICODE /Gm- /EHsc /MD /GS /Gy /fp:precise /Zc:wchar_t /Zc:forScope /Fo"Release\\" /Fd"Release\vc110.pdb" /Gd /TP /analyze /analyze:log "Release\MiscellaneousPatches.cpp.nativecodeanalysis.xml" /analyze:pluginlocalespc.dll /errorReport:prompt   /analyze:quiet src\MiscellaneousPatches.cpp
         MiscellaneousPatches.cpp
         C:\Program Files (x86)\Microsoft Visual Studio 11.0\VC\bin\CL.exe /c /I"C:\Users\Swoorup\Documents\GitHub\gta-maxout\SJLIB\include" /Zi /nologo /W3 /WX- /sdl /O2 /Oi /Oy- /GL /D CODE_ANALYSIS /D WIN32 /D NDEBUG /D _WINDOWS /D _USRDLL /D SJLIB_EXPORTS /D _WINDLL /D _UNICODE /D UNICODE /Gm- /EHsc /MD /GS /Gy /fp:precise /Zc:wchar_t /Zc:forScope /Fo"Release\\" /Fd"Release\vc110.pdb" /Gd /TP /analyze /analyze:log "Release\RadarHack.cpp.nativecodeanalysis.xml" /analyze:pluginlocalespc.dll /errorReport:prompt   /analyze:quiet src\RadarHack.cpp
         RadarHack.cpp
         C:\Program Files (x86)\Microsoft Visual Studio 11.0\VC\bin\CL.exe /c /I"C:\Users\Swoorup\Documents\GitHub\gta-maxout\SJLIB\include" /Zi /nologo /W3 /WX- /sdl /O2 /Oi /Oy- /GL /D CODE_ANALYSIS /D WIN32 /D NDEBUG /D _WINDOWS /D _USRDLL /D SJLIB_EXPORTS /D _WINDLL /D _UNICODE /D UNICODE /Gm- /EHsc /MD /GS /Gy /fp:precise /Zc:wchar_t /Zc:forScope /Fo"Release\\" /Fd"Release\vc110.pdb" /Gd /TP /analyze /analyze:log "Release\VehicleLimitPatch.cpp.nativecodeanalysis.xml" /analyze:pluginlocalespc.dll /errorReport:prompt   /analyze:quiet src\VehicleLimitPatch.cpp
         VehicleLimitPatch.cpp
         C:\Program Files (x86)\Microsoft Visual Studio 11.0\VC\bin\CL.exe /c /I"C:\Users\Swoorup\Documents\GitHub\gta-maxout\SJLIB\include" /Zi /nologo /W3 /WX- /sdl /O2 /Oi /Oy- /GL /D CODE_ANALYSIS /D WIN32 /D NDEBUG /D _WINDOWS /D _USRDLL /D SJLIB_EXPORTS /D _WINDLL /D _UNICODE /D UNICODE /Gm- /EHsc /MD /GS /Gy /fp:precise /Zc:wchar_t /Zc:forScope /Fo"Release\\" /Fd"Release\vc110.pdb" /Gd /TP /analyze /analyze:log "Release\WaterHack.cpp.nativecodeanalysis.xml" /analyze:pluginlocalespc.dll /errorReport:prompt   /analyze:quiet src\WaterHack.cpp
         WaterHack.cpp
       Link:
         C:\Program Files (x86)\Microsoft Visual Studio 11.0\VC\bin\link.exe /ERRORREPORT:PROMPT /OUT:"C:\Users\Swoorup\Documents\GitHub\gta-maxout\SJLIB\Release\SJLIB.asi" /INCREMENTAL:NO /NOLOGO kernel32.lib user32.lib gdi32.lib winspool.lib comdlg32.lib advapi32.lib shell32.lib ole32.lib oleaut32.lib uuid.lib odbc32.lib odbccp32.lib /MANIFEST /MANIFESTUAC:"level='asInvoker' uiAccess='false'" /manifest:embed /DEBUG /PDB:"C:\Users\Swoorup\Documents\GitHub\gta-maxout\SJLIB\Release\SJLIB.pdb" /SUBSYSTEM:WINDOWS /OPT:REF /OPT:ICF /LTCG /TLBID:1 /DYNAMICBASE /NXCOMPAT /IMPLIB:"C:\Users\Swoorup\Documents\GitHub\gta-maxout\SJLIB\Release\SJLIB.lib" /MACHINE:X86 /SAFESEH /DLL Release\FileLoaderAddIns.obj
         Release\automobile.obj
         Release\CAutoPilot.obj
         Release\CCarCtrl.obj
         Release\CCullZones.obj
         Release\CCurves.obj
         Release\CDebug.obj
         Release\CFileLoader.obj
         Release\CFileMgr.obj
         Release\CFont.obj
         Release\CGameHookManager.obj
         Release\CGameVariables.obj
         Release\CGeneral.obj
         Release\CPed.obj
         Release\CSprite2D.obj
         Release\CTheCarGenerators.obj
         Release\CTheZones.obj
         Release\CTxdStore.obj
         Release\entity.obj
         Release\GameVC.obj
         Release\hookPathfinding.obj
         Release\dxd8_system.obj
         Release\sectorlist_hooks.obj
         Release\pathfinding.obj
         Release\physical.obj
         Release\RenderWare.obj
         Release\trafficlights.obj
         Release\vehicle.obj
         Release\waterlevel.obj
         Release\weather.obj
         Release\world.obj
         Release\hooksystem.obj
         Release\main.obj
         Release\MenuMapHack.obj
         Release\MiscellaneousPatches.obj
         Release\RadarHack.obj
         Release\VehicleLimitPatch.obj
         Release\WaterHack.obj
         Generating code
         Finished generating code
         SJLIB.vcxproj -> C:\Users\Swoorup\Documents\GitHub\gta-maxout\SJLIB\Release\SJLIB.asi
     1>fileloaderaddins.cpp(92): warning : C6031: Return value ignored: 'sscanf'.
     1>fileloaderaddins.cpp(92): warning : C6328: Size mismatch: 'unsigned char' passed as _Param_(10) when '32 bit operand' is required in call to 'sscanf'. This indicates a potential severe error. Buffer underrun or overrun can occur when when this is reported for scanf-like functions.
     1>fileloaderaddins.cpp(130): warning : C6387: '_Param_(1)' could be '0':  this does not adhere to the specification for the function 'SetForegroundWindow'. 
     1>cdebug.cpp(15): warning : C6387: 'm_szTextBuffer[i]' could be '0':  this does not adhere to the specification for the function 'memset'. 
     1>cfileloader.cpp(98): warning : C6031: Return value ignored: 'sscanf'.
     1>cfileloader.cpp(126): warning : C6031: Return value ignored: 'sscanf'.
     1>cfileloader.cpp(142): warning : C6031: Return value ignored: 'sscanf'.
     1>cfileloader.cpp(149): warning : C6031: Return value ignored: 'sscanf'.
     1>propertyhelper.h(198): warning : C6031: Return value ignored: 'sscanf'.
     1>propertyhelper.h(230): warning : C6031: Return value ignored: 'sscanf'.
     1>propertyhelper.h(263): warning : C6031: Return value ignored: 'sscanf'.
     1>propertyhelper.h(296): warning : C6031: Return value ignored: 'sscanf'.
     1>propertyhelper.h(329): warning : C6031: Return value ignored: 'sscanf'.
     1>propertyhelper.h(393): warning : C6031: Return value ignored: 'sscanf'.
     1>propertyhelper.h(512): warning : C6031: Return value ignored: 'sscanf'.
     1>propertyhelper.h(545): warning : C6031: Return value ignored: 'sscanf'.
     1>propertyhelper.h(578): warning : C6031: Return value ignored: 'sscanf'.
     1>propertyhelper.h(613): warning : C6031: Return value ignored: 'sscanf'.
     1>propertyhelper.h(620): warning : C6031: Return value ignored: 'sscanf'.
     1>propertyhelper.h(653): warning : C6031: Return value ignored: 'sscanf'.
     1>propertyhelper.h(708): warning : C6031: Return value ignored: 'sscanf'.
     1>propertyhelper.h(743): warning : C6031: Return value ignored: 'sscanf'.
     1>propertyhelper.h(748): warning : C6031: Return value ignored: 'sscanf'.
     1>propertyhelper.h(781): warning : C6031: Return value ignored: 'sscanf'.
     1>propertyhelper.h(814): warning : C6031: Return value ignored: 'sscanf'.
     1>propertyhelper.h(850): warning : C6031: Return value ignored: 'sscanf'.
     1>propertyhelper.h(886): warning : C6031: Return value ignored: 'sscanf'.
     1>propertyhelper.h(930): warning : C6031: Return value ignored: 'sscanf'.
     1>thumb.h(349): warning : C6031: Return value ignored: 'sscanf'.
     1>sectorlist_hooks.cpp(47): warning : C6387: 'bytes' could be '0':  this does not adhere to the specification for the function 'memcpy'. 
     1>sectorlist_hooks.cpp(52): warning : C6011: Dereferencing NULL pointer 'bytes'. See line 47 for an earlier location where this can occur
     1>sectorlist_hooks.cpp(69): warning : C6387: 'bytes' could be '0':  this does not adhere to the specification for the function 'memcpy'. 
     1>sectorlist_hooks.cpp(78): warning : C6011: Dereferencing NULL pointer 'bytes'. See line 69 for an earlier location where this can occur
     1>sectorlist_hooks.cpp(128): warning : C6387: 'bytes' could be '0':  this does not adhere to the specification for the function 'memcpy'. 
     1>sectorlist_hooks.cpp(137): warning : C6011: Dereferencing NULL pointer 'bytes'. See line 128 for an earlier location where this can occur
     1>sectorlist_hooks.cpp(154): warning : C6387: 'bytes' could be '0':  this does not adhere to the specification for the function 'memcpy'. 
     1>sectorlist_hooks.cpp(163): warning : C6011: Dereferencing NULL pointer 'bytes'. See line 154 for an earlier location where this can occur
     1>sectorlist_hooks.cpp(223): warning : C6387: 'stNewSectorList' could be '0':  this does not adhere to the specification for the function 'memset'. 
     1>pathfinding.cpp(578): warning : C6287: Redundant code:  the left and right sub-expressions are identical.
     1>pathfinding.cpp(678): warning : C6001: Using uninitialized memory 'indexStartNode'.
     1>pathfinding.cpp(1290): warning : C6001: Using uninitialized memory 'iStartNodeIndex'.
     1>renderware.cpp(825): warning : C6011: Dereferencing NULL pointer 'pNullAtomic'. 
     1>trafficlights.cpp(366): warning : C6385: Reading invalid data from 'pThePaths->m_AttachedPaths':  the readable size is '4632000' bytes, but 'nPedNode' bytes may be read.
     1>main.cpp(62): warning : C6273: Non-integer passed as _Param_(3) when an integer is required in call to 'fprintf' Actual type: 'void **':  if a pointer value is being passed, %p should be used.
     1>main.cpp(64): warning : C6273: Non-integer passed as _Param_(3) when an integer is required in call to 'fprintf' Actual type: 'void *':  if a pointer value is being passed, %p should be used.
     1>Done Building Project "C:\Users\Swoorup\Documents\GitHub\gta-maxout\SJLIB\SJLIB.vcxproj" (Rebuild target(s)).

Build succeeded.

Time Elapsed 00:10:16.73
